{"contracts/AavegotchiOriumVault.sol":{"l":{"11":105,"12":105,"13":105},"path":"/Users/danielnovy/dev/orium-vault/contracts/AavegotchiOriumVault.sol","s":{"1":105,"2":105,"3":105},"b":{},"f":{"1":105,"2":6,"3":1},"fnMap":{"1":{"name":"initialize","line":10,"loc":{"start":{"line":10,"column":2},"end":{"line":14,"column":2}}},"2":{"name":"_startScholarship","line":16,"loc":{"start":{"line":16,"column":2},"end":{"line":17,"column":2}}},"3":{"name":"_endScholarship","line":19,"loc":{"start":{"line":19,"column":2},"end":{"line":20,"column":2}}}},"statementMap":{"1":{"start":{"line":11,"column":4},"end":{"line":11,"column":17}},"2":{"start":{"line":12,"column":4},"end":{"line":12,"column":15}},"3":{"start":{"line":13,"column":4},"end":{"line":13,"column":35}}},"branchMap":{}},"contracts/BaseOriumVault.sol":{"l":{"58":64,"59":60,"69":1,"73":1,"77":0,"81":33,"82":65,"87":22,"88":25,"90":1,"97":22,"99":21,"105":22,"107":21,"109":21,"111":21,"112":21,"113":21,"115":21,"120":2,"121":2,"122":4,"127":4,"128":4,"129":4,"130":4,"131":4,"144":5,"146":5,"148":4,"149":4,"150":4,"151":0,"152":0,"153":0,"155":4,"156":4,"157":4,"158":4,"159":4,"160":4,"165":0,"172":1,"173":1,"174":2,"179":0,"180":0,"181":0,"182":0,"187":7,"191":5,"192":5,"193":5,"194":15,"196":5,"197":3,"201":2,"202":2,"203":2,"204":6,"205":6,"206":6,"213":9,"214":9,"215":8,"216":13,"217":12,"218":11,"219":11,"221":6,"222":6,"224":6,"230":2,"231":1,"232":1,"233":2,"235":1,"236":1,"237":1,"238":1,"239":1,"242":1,"244":1,"248":0,"252":3,"253":3,"254":3,"255":3,"256":3,"260":0,"264":2},"path":"/Users/danielnovy/dev/orium-vault/contracts/BaseOriumVault.sol","s":{"1":64,"2":1,"3":1,"4":0,"5":33,"6":65,"7":22,"8":25,"9":21,"10":1,"11":22,"12":21,"13":22,"14":21,"15":21,"16":21,"17":21,"18":21,"19":21,"20":2,"21":2,"22":4,"23":4,"24":4,"25":4,"26":4,"27":5,"28":5,"29":4,"30":4,"31":4,"32":0,"33":0,"34":0,"35":4,"36":4,"37":4,"38":4,"39":4,"40":4,"41":0,"42":1,"43":1,"44":2,"45":0,"46":0,"47":0,"48":0,"49":7,"50":5,"51":5,"52":5,"53":15,"54":5,"55":3,"56":2,"57":2,"58":2,"59":6,"60":6,"61":6,"62":9,"63":9,"64":8,"65":13,"66":12,"67":11,"68":11,"69":6,"70":6,"71":6,"72":2,"73":1,"74":1,"75":2,"76":1,"77":1,"78":1,"79":1,"80":1,"81":0,"82":3,"83":3,"84":3,"85":3,"86":3,"87":0,"88":2},"b":{"1":[60,4],"2":[21,4],"3":[21,1],"4":[21,1],"5":[21,0],"6":[2,0],"7":[4,0],"8":[4,1],"9":[4,0],"10":[0,4],"11":[0,0],"12":[1,0],"13":[0,0],"14":[5,0],"15":[3,2],"16":[2,0],"17":[6,0],"18":[9,0],"19":[8,1],"20":[12,1],"21":[11,1],"22":[11,0],"23":[1,1],"24":[1,0],"25":[3,0],"26":[3,0]},"f":{"1":64,"2":1,"3":1,"4":0,"5":33,"6":22,"7":22,"8":22,"9":2,"10":4,"11":5,"12":1,"13":0,"14":7,"15":5,"16":2,"17":9,"18":2,"19":0,"20":3,"21":0,"22":2},"fnMap":{"1":{"name":"onlyAdmin","line":57,"loc":{"start":{"line":57,"column":2},"end":{"line":60,"column":2}}},"2":{"name":"changeName","line":68,"loc":{"start":{"line":68,"column":2},"end":{"line":70,"column":2}}},"3":{"name":"changeAdmin","line":72,"loc":{"start":{"line":72,"column":2},"end":{"line":74,"column":2}}},"4":{"name":"setClaimableTokens","line":76,"loc":{"start":{"line":76,"column":2},"end":{"line":78,"column":2}}},"5":{"name":"addNftAddressesToWhitelist","line":80,"loc":{"start":{"line":80,"column":2},"end":{"line":84,"column":2}}},"6":{"name":"_isAddressInWhitelist","line":86,"loc":{"start":{"line":86,"column":2},"end":{"line":91,"column":2}}},"7":{"name":"onERC721Received","line":93,"loc":{"start":{"line":93,"column":2},"end":{"line":100,"column":2}}},"8":{"name":"depositNft","line":103,"loc":{"start":{"line":103,"column":2},"end":{"line":116,"column":2}}},"9":{"name":"batchDepositNfts","line":119,"loc":{"start":{"line":119,"column":2},"end":{"line":124,"column":2}}},"10":{"name":"removeNft","line":126,"loc":{"start":{"line":126,"column":2},"end":{"line":134,"column":2}}},"11":{"name":"withdrawNft","line":142,"loc":{"start":{"line":142,"column":2},"end":{"line":166,"column":2}}},"12":{"name":"batchWithdrawNfts","line":168,"loc":{"start":{"line":168,"column":2},"end":{"line":176,"column":2}}},"13":{"name":"withdrawAllNfts","line":178,"loc":{"start":{"line":178,"column":2},"end":{"line":184,"column":2}}},"14":{"name":"setSplitOwners","line":186,"loc":{"start":{"line":186,"column":2},"end":{"line":188,"column":2}}},"15":{"name":"createTokenGenerationEvent","line":190,"loc":{"start":{"line":190,"column":2},"end":{"line":198,"column":2}}},"16":{"name":"distributeTokens","line":200,"loc":{"start":{"line":200,"column":2},"end":{"line":208,"column":2}}},"17":{"name":"startScholarship","line":212,"loc":{"start":{"line":212,"column":2},"end":{"line":225,"column":2}}},"18":{"name":"endScholarship","line":229,"loc":{"start":{"line":229,"column":2},"end":{"line":245,"column":2}}},"19":{"name":"getNumScholarships","line":247,"loc":{"start":{"line":247,"column":2},"end":{"line":249,"column":2}}},"20":{"name":"claim","line":251,"loc":{"start":{"line":251,"column":2},"end":{"line":257,"column":2}}},"21":{"name":"balanceOfTokens","line":259,"loc":{"start":{"line":259,"column":2},"end":{"line":261,"column":2}}},"22":{"name":"getAllNfts","line":263,"loc":{"start":{"line":263,"column":2},"end":{"line":265,"column":2}}}},"statementMap":{"1":{"start":{"line":58,"column":4},"end":{"line":58,"column":68}},"2":{"start":{"line":69,"column":4},"end":{"line":69,"column":18}},"3":{"start":{"line":73,"column":4},"end":{"line":73,"column":20}},"4":{"start":{"line":77,"column":4},"end":{"line":77,"column":28}},"5":{"start":{"line":81,"column":4},"end":{"line":81,"column":2203}},"6":{"start":{"line":82,"column":6},"end":{"line":82,"column":44}},"7":{"start":{"line":87,"column":4},"end":{"line":87,"column":2391}},"8":{"start":{"line":88,"column":6},"end":{"line":88,"column":54}},"9":{"start":{"line":88,"column":43},"end":{"line":88,"column":54}},"10":{"start":{"line":90,"column":4},"end":{"line":90,"column":16}},"11":{"start":{"line":97,"column":4},"end":{"line":97,"column":103}},"12":{"start":{"line":99,"column":4},"end":{"line":99,"column":79}},"13":{"start":{"line":105,"column":4},"end":{"line":105,"column":96}},"14":{"start":{"line":107,"column":4},"end":{"line":107,"column":116}},"15":{"start":{"line":109,"column":4},"end":{"line":109,"column":78}},"16":{"start":{"line":111,"column":4},"end":{"line":111,"column":78}},"17":{"start":{"line":112,"column":4},"end":{"line":112,"column":20}},"18":{"start":{"line":113,"column":4},"end":{"line":113,"column":34}},"19":{"start":{"line":115,"column":4},"end":{"line":115,"column":60}},"20":{"start":{"line":120,"column":4},"end":{"line":120,"column":92}},"21":{"start":{"line":121,"column":4},"end":{"line":121,"column":3935}},"22":{"start":{"line":122,"column":6},"end":{"line":122,"column":49}},"23":{"start":{"line":127,"column":4},"end":{"line":127,"column":4134}},"24":{"start":{"line":128,"column":6},"end":{"line":128,"column":4183}},"25":{"start":{"line":129,"column":8},"end":{"line":129,"column":38}},"26":{"start":{"line":130,"column":8},"end":{"line":130,"column":17}},"27":{"start":{"line":144,"column":4},"end":{"line":144,"column":49}},"28":{"start":{"line":146,"column":4},"end":{"line":146,"column":68}},"29":{"start":{"line":148,"column":4},"end":{"line":148,"column":4759}},"30":{"start":{"line":149,"column":6},"end":{"line":149,"column":4817}},"31":{"start":{"line":150,"column":8},"end":{"line":150,"column":4915}},"32":{"start":{"line":151,"column":10},"end":{"line":151,"column":38}},"33":{"start":{"line":152,"column":10},"end":{"line":152,"column":76}},"34":{"start":{"line":153,"column":10},"end":{"line":153,"column":16}},"35":{"start":{"line":155,"column":10},"end":{"line":155,"column":84}},"36":{"start":{"line":156,"column":10},"end":{"line":156,"column":58}},"37":{"start":{"line":157,"column":10},"end":{"line":157,"column":25}},"38":{"start":{"line":158,"column":10},"end":{"line":158,"column":55}},"39":{"start":{"line":159,"column":10},"end":{"line":159,"column":67}},"40":{"start":{"line":160,"column":10},"end":{"line":160,"column":16}},"41":{"start":{"line":165,"column":4},"end":{"line":165,"column":44}},"42":{"start":{"line":172,"column":4},"end":{"line":172,"column":92}},"43":{"start":{"line":173,"column":4},"end":{"line":173,"column":5895}},"44":{"start":{"line":174,"column":6},"end":{"line":174,"column":50}},"45":{"start":{"line":179,"column":4},"end":{"line":179,"column":76}},"46":{"start":{"line":180,"column":4},"end":{"line":180,"column":6128}},"47":{"start":{"line":181,"column":6},"end":{"line":181,"column":44}},"48":{"start":{"line":182,"column":6},"end":{"line":182,"column":47}},"49":{"start":{"line":187,"column":4},"end":{"line":187,"column":24}},"50":{"start":{"line":191,"column":4},"end":{"line":191,"column":86}},"51":{"start":{"line":192,"column":4},"end":{"line":192,"column":19}},"52":{"start":{"line":193,"column":4},"end":{"line":193,"column":6619}},"53":{"start":{"line":194,"column":6},"end":{"line":194,"column":24}},"54":{"start":{"line":196,"column":4},"end":{"line":196,"column":57}},"55":{"start":{"line":197,"column":4},"end":{"line":197,"column":41}},"56":{"start":{"line":201,"column":4},"end":{"line":201,"column":109}},"57":{"start":{"line":202,"column":4},"end":{"line":202,"column":77}},"58":{"start":{"line":203,"column":4},"end":{"line":203,"column":7127}},"59":{"start":{"line":204,"column":6},"end":{"line":204,"column":89}},"60":{"start":{"line":205,"column":6},"end":{"line":205,"column":85}},"61":{"start":{"line":206,"column":6},"end":{"line":206,"column":53}},"62":{"start":{"line":213,"column":4},"end":{"line":213,"column":68}},"63":{"start":{"line":214,"column":4},"end":{"line":214,"column":81}},"64":{"start":{"line":215,"column":4},"end":{"line":215,"column":7773}},"65":{"start":{"line":216,"column":6},"end":{"line":216,"column":78}},"66":{"start":{"line":217,"column":6},"end":{"line":217,"column":69}},"67":{"start":{"line":218,"column":6},"end":{"line":218,"column":79}},"68":{"start":{"line":219,"column":6},"end":{"line":219,"column":41}},"69":{"start":{"line":221,"column":4},"end":{"line":221,"column":41}},"70":{"start":{"line":222,"column":4},"end":{"line":222,"column":34}},"71":{"start":{"line":224,"column":4},"end":{"line":224,"column":45}},"72":{"start":{"line":230,"column":4},"end":{"line":230,"column":75}},"73":{"start":{"line":231,"column":4},"end":{"line":231,"column":51}},"74":{"start":{"line":232,"column":4},"end":{"line":232,"column":8507}},"75":{"start":{"line":233,"column":6},"end":{"line":233,"column":36}},"76":{"start":{"line":235,"column":4},"end":{"line":235,"column":8600}},"77":{"start":{"line":236,"column":6},"end":{"line":236,"column":8661}},"78":{"start":{"line":237,"column":8},"end":{"line":237,"column":74}},"79":{"start":{"line":238,"column":8},"end":{"line":238,"column":29}},"80":{"start":{"line":244,"column":4},"end":{"line":244,"column":28}},"81":{"start":{"line":248,"column":4},"end":{"line":248,"column":34}},"82":{"start":{"line":252,"column":4},"end":{"line":252,"column":57}},"83":{"start":{"line":253,"column":4},"end":{"line":253,"column":50}},"84":{"start":{"line":254,"column":4},"end":{"line":254,"column":42}},"85":{"start":{"line":255,"column":4},"end":{"line":255,"column":71}},"86":{"start":{"line":256,"column":4},"end":{"line":256,"column":37}},"87":{"start":{"line":260,"column":4},"end":{"line":260,"column":42}},"88":{"start":{"line":264,"column":4},"end":{"line":264,"column":25}}},"branchMap":{"1":{"line":58,"type":"if","locations":[{"start":{"line":58,"column":4},"end":{"line":58,"column":4}},{"start":{"line":58,"column":4},"end":{"line":58,"column":4}}]},"2":{"line":88,"type":"if","locations":[{"start":{"line":88,"column":6},"end":{"line":88,"column":6}},{"start":{"line":88,"column":6},"end":{"line":88,"column":6}}]},"3":{"line":97,"type":"if","locations":[{"start":{"line":97,"column":4},"end":{"line":97,"column":4}},{"start":{"line":97,"column":4},"end":{"line":97,"column":4}}]},"4":{"line":105,"type":"if","locations":[{"start":{"line":105,"column":4},"end":{"line":105,"column":4}},{"start":{"line":105,"column":4},"end":{"line":105,"column":4}}]},"5":{"line":107,"type":"if","locations":[{"start":{"line":107,"column":4},"end":{"line":107,"column":4}},{"start":{"line":107,"column":4},"end":{"line":107,"column":4}}]},"6":{"line":120,"type":"if","locations":[{"start":{"line":120,"column":4},"end":{"line":120,"column":4}},{"start":{"line":120,"column":4},"end":{"line":120,"column":4}}]},"7":{"line":128,"type":"if","locations":[{"start":{"line":128,"column":6},"end":{"line":128,"column":6}},{"start":{"line":128,"column":6},"end":{"line":128,"column":6}}]},"8":{"line":146,"type":"if","locations":[{"start":{"line":146,"column":4},"end":{"line":146,"column":4}},{"start":{"line":146,"column":4},"end":{"line":146,"column":4}}]},"9":{"line":149,"type":"if","locations":[{"start":{"line":149,"column":6},"end":{"line":149,"column":6}},{"start":{"line":149,"column":6},"end":{"line":149,"column":6}}]},"10":{"line":150,"type":"if","locations":[{"start":{"line":150,"column":8},"end":{"line":150,"column":8}},{"start":{"line":150,"column":8},"end":{"line":150,"column":8}}]},"11":{"line":165,"type":"if","locations":[{"start":{"line":165,"column":4},"end":{"line":165,"column":4}},{"start":{"line":165,"column":4},"end":{"line":165,"column":4}}]},"12":{"line":172,"type":"if","locations":[{"start":{"line":172,"column":4},"end":{"line":172,"column":4}},{"start":{"line":172,"column":4},"end":{"line":172,"column":4}}]},"13":{"line":179,"type":"if","locations":[{"start":{"line":179,"column":4},"end":{"line":179,"column":4}},{"start":{"line":179,"column":4},"end":{"line":179,"column":4}}]},"14":{"line":191,"type":"if","locations":[{"start":{"line":191,"column":4},"end":{"line":191,"column":4}},{"start":{"line":191,"column":4},"end":{"line":191,"column":4}}]},"15":{"line":196,"type":"if","locations":[{"start":{"line":196,"column":4},"end":{"line":196,"column":4}},{"start":{"line":196,"column":4},"end":{"line":196,"column":4}}]},"16":{"line":201,"type":"if","locations":[{"start":{"line":201,"column":4},"end":{"line":201,"column":4}},{"start":{"line":201,"column":4},"end":{"line":201,"column":4}}]},"17":{"line":205,"type":"if","locations":[{"start":{"line":205,"column":6},"end":{"line":205,"column":6}},{"start":{"line":205,"column":6},"end":{"line":205,"column":6}}]},"18":{"line":213,"type":"if","locations":[{"start":{"line":213,"column":4},"end":{"line":213,"column":4}},{"start":{"line":213,"column":4},"end":{"line":213,"column":4}}]},"19":{"line":214,"type":"if","locations":[{"start":{"line":214,"column":4},"end":{"line":214,"column":4}},{"start":{"line":214,"column":4},"end":{"line":214,"column":4}}]},"20":{"line":216,"type":"if","locations":[{"start":{"line":216,"column":6},"end":{"line":216,"column":6}},{"start":{"line":216,"column":6},"end":{"line":216,"column":6}}]},"21":{"line":217,"type":"if","locations":[{"start":{"line":217,"column":6},"end":{"line":217,"column":6}},{"start":{"line":217,"column":6},"end":{"line":217,"column":6}}]},"22":{"line":218,"type":"if","locations":[{"start":{"line":218,"column":6},"end":{"line":218,"column":6}},{"start":{"line":218,"column":6},"end":{"line":218,"column":6}}]},"23":{"line":230,"type":"if","locations":[{"start":{"line":230,"column":4},"end":{"line":230,"column":4}},{"start":{"line":230,"column":4},"end":{"line":230,"column":4}}]},"24":{"line":236,"type":"if","locations":[{"start":{"line":236,"column":6},"end":{"line":236,"column":6}},{"start":{"line":236,"column":6},"end":{"line":236,"column":6}}]},"25":{"line":253,"type":"if","locations":[{"start":{"line":253,"column":4},"end":{"line":253,"column":4}},{"start":{"line":253,"column":4},"end":{"line":253,"column":4}}]},"26":{"line":256,"type":"if","locations":[{"start":{"line":256,"column":4},"end":{"line":256,"column":4}},{"start":{"line":256,"column":4},"end":{"line":256,"column":4}}]}}},"contracts/ClaimableContract.sol":{"l":{"13":1,"14":3,"19":2,"20":2,"21":2},"path":"/Users/danielnovy/dev/orium-vault/contracts/ClaimableContract.sol","s":{"1":1,"2":3,"3":2,"4":2,"5":2},"b":{"1":[2,0]},"f":{"1":1,"2":2},"fnMap":{"1":{"name":"claim","line":12,"loc":{"start":{"line":12,"column":2},"end":{"line":16,"column":2}}},"2":{"name":"setGiveAwayQuantities","line":18,"loc":{"start":{"line":18,"column":2},"end":{"line":22,"column":2}}}},"statementMap":{"1":{"start":{"line":13,"column":4},"end":{"line":13,"column":318}},"2":{"start":{"line":14,"column":6},"end":{"line":14,"column":67}},"3":{"start":{"line":19,"column":4},"end":{"line":19,"column":89}},"4":{"start":{"line":20,"column":4},"end":{"line":20,"column":35}},"5":{"start":{"line":21,"column":4},"end":{"line":21,"column":31}}},"branchMap":{"1":{"line":19,"type":"if","locations":[{"start":{"line":19,"column":4},"end":{"line":19,"column":4}},{"start":{"line":19,"column":4},"end":{"line":19,"column":4}}]}}},"contracts/SimpleNft.sol":{"l":{"21":224,"22":224,"23":224,"24":224,"26":224},"path":"/Users/danielnovy/dev/orium-vault/contracts/SimpleNft.sol","s":{"1":224,"2":224,"3":224,"4":224,"5":224},"b":{},"f":{"1":288,"2":224},"fnMap":{"1":{"name":"constructor","line":17,"loc":{"start":{"line":17,"column":2},"end":{"line":17,"column":42}}},"2":{"name":"mint","line":19,"loc":{"start":{"line":19,"column":2},"end":{"line":27,"column":2}}}},"statementMap":{"1":{"start":{"line":21,"column":4},"end":{"line":21,"column":24}},"2":{"start":{"line":22,"column":4},"end":{"line":22,"column":41}},"3":{"start":{"line":23,"column":4},"end":{"line":23,"column":27}},"4":{"start":{"line":24,"column":4},"end":{"line":24,"column":34}},"5":{"start":{"line":26,"column":4},"end":{"line":26,"column":18}}},"branchMap":{}},"contracts/SimpleToken1.sol":{"l":{"9":120},"path":"/Users/danielnovy/dev/orium-vault/contracts/SimpleToken1.sol","s":{"1":120},"b":{},"f":{"1":120},"fnMap":{"1":{"name":"constructor","line":8,"loc":{"start":{"line":8,"column":2},"end":{"line":10,"column":2}}}},"statementMap":{"1":{"start":{"line":9,"column":4},"end":{"line":9,"column":35}}},"branchMap":{}},"contracts/SimpleToken2.sol":{"l":{"9":9},"path":"/Users/danielnovy/dev/orium-vault/contracts/SimpleToken2.sol","s":{"1":9},"b":{},"f":{"1":9},"fnMap":{"1":{"name":"constructor","line":8,"loc":{"start":{"line":8,"column":2},"end":{"line":10,"column":2}}}},"statementMap":{"1":{"start":{"line":9,"column":4},"end":{"line":9,"column":35}}},"branchMap":{}},"contracts/SimpleToken3.sol":{"l":{"9":9},"path":"/Users/danielnovy/dev/orium-vault/contracts/SimpleToken3.sol","s":{"1":9},"b":{},"f":{"1":9},"fnMap":{"1":{"name":"constructor","line":8,"loc":{"start":{"line":8,"column":2},"end":{"line":10,"column":2}}}},"statementMap":{"1":{"start":{"line":9,"column":4},"end":{"line":9,"column":35}}},"branchMap":{}},"contracts/UpgradedAavegotchi.sol":{"l":{"9":1},"path":"/Users/danielnovy/dev/orium-vault/contracts/UpgradedAavegotchi.sol","s":{"1":1},"b":{},"f":{"1":1},"fnMap":{"1":{"name":"upgraded","line":8,"loc":{"start":{"line":8,"column":2},"end":{"line":10,"column":2}}}},"statementMap":{"1":{"start":{"line":9,"column":4},"end":{"line":9,"column":19}}},"branchMap":{}}}